2015-05-08 18:29:46 Error: Fatal Error (64): Cannot redeclare class Users in [C:\Users\jleite\Documents\EasyPHP-DevServer-14.1VC11\data\localweb\projects\WebQuiz080515\app\Model\User.php, line 4]
2015-05-08 18:29:46 Error: [FatalErrorException] Cannot redeclare class Users
Request URL: /projects/WebQuiz080515/users/index
Stack Trace:
#0 C:\Users\jleite\Documents\EasyPHP-DevServer-14.1VC11\data\localweb\projects\WebQuiz080515\lib\Cake\Error\ErrorHandler.php(203): ErrorHandler::handleFatalError(64, 'Cannot redeclar...', 'C:\Users\jleite...', 4)
#1 [internal function]: ErrorHandler::handleError(64, 'Cannot redeclar...', 'C:\Users\jleite...', 4, Array)
#2 C:\Users\jleite\Documents\EasyPHP-DevServer-14.1VC11\data\localweb\projects\WebQuiz080515\lib\Cake\Core\App.php(931): call_user_func('ErrorHandler::h...', 64, 'Cannot redeclar...', 'C:\Users\jleite...', 4, Array)
#3 C:\Users\jleite\Documents\EasyPHP-DevServer-14.1VC11\data\localweb\projects\WebQuiz080515\lib\Cake\Core\App.php(904): App::_checkFatalError()
#4 [internal function]: App::shutdown()
#5 {main}
2015-05-08 18:30:09 Error: [MissingTableException] Table users for model User was not found in datasource default.
Exception Attributes: array (
  'table' => 'users',
  'class' => 'User',
  'ds' => 'default',
)
Request URL: /projects/WebQuiz080515/users/index
Stack Trace:
#0 C:\Users\jleite\Documents\EasyPHP-DevServer-14.1VC11\data\localweb\projects\WebQuiz080515\lib\Cake\Model\Model.php(3566): Model->setSource('users')
#1 C:\Users\jleite\Documents\EasyPHP-DevServer-14.1VC11\data\localweb\projects\WebQuiz080515\lib\Cake\Model\Model.php(2947): Model->getDataSource()
#2 C:\Users\jleite\Documents\EasyPHP-DevServer-14.1VC11\data\localweb\projects\WebQuiz080515\lib\Cake\Model\Model.php(2919): Model->_readDataSource('all', Array)
#3 C:\Users\jleite\Documents\EasyPHP-DevServer-14.1VC11\data\localweb\projects\WebQuiz080515\app\Controller\UsersController.php(5): Model->find('all')
#4 [internal function]: UsersController->index()
#5 C:\Users\jleite\Documents\EasyPHP-DevServer-14.1VC11\data\localweb\projects\WebQuiz080515\lib\Cake\Controller\Controller.php(490): ReflectionMethod->invokeArgs(Object(UsersController), Array)
#6 C:\Users\jleite\Documents\EasyPHP-DevServer-14.1VC11\data\localweb\projects\WebQuiz080515\lib\Cake\Routing\Dispatcher.php(191): Controller->invokeAction(Object(CakeRequest))
#7 C:\Users\jleite\Documents\EasyPHP-DevServer-14.1VC11\data\localweb\projects\WebQuiz080515\lib\Cake\Routing\Dispatcher.php(165): Dispatcher->_invoke(Object(UsersController), Object(CakeRequest))
#8 C:\Users\jleite\Documents\EasyPHP-DevServer-14.1VC11\data\localweb\projects\WebQuiz080515\app\webroot\index.php(108): Dispatcher->dispatch(Object(CakeRequest), Object(CakeResponse))
#9 {main}
2015-05-08 19:10:15 Error: [NotFoundException] NO ID HAS BEEN SUPPLIED
Request URL: /projects/WebQuiz080515/users/edit/
Stack Trace:
#0 [internal function]: UsersController->edit()
#1 C:\Users\jleite\Documents\EasyPHP-DevServer-14.1VC11\data\localweb\projects\WebQuiz080515\lib\Cake\Controller\Controller.php(490): ReflectionMethod->invokeArgs(Object(UsersController), Array)
#2 C:\Users\jleite\Documents\EasyPHP-DevServer-14.1VC11\data\localweb\projects\WebQuiz080515\lib\Cake\Routing\Dispatcher.php(191): Controller->invokeAction(Object(CakeRequest))
#3 C:\Users\jleite\Documents\EasyPHP-DevServer-14.1VC11\data\localweb\projects\WebQuiz080515\lib\Cake\Routing\Dispatcher.php(165): Dispatcher->_invoke(Object(UsersController), Object(CakeRequest))
#4 C:\Users\jleite\Documents\EasyPHP-DevServer-14.1VC11\data\localweb\projects\WebQuiz080515\app\webroot\index.php(108): Dispatcher->dispatch(Object(CakeRequest), Object(CakeResponse))
#5 {main}
